2025-04-05 20:59:06.803 [info] Log level: Info
2025-04-05 20:59:06.803 [info] VSCODE_MACHINE_ID: 60a73f6d-3fb1-49b7-8e54-6134d66af2c6
2025-04-05 20:59:06.803 [info] VSCODE_SESSION_ID: c06f013e-b50e-49d1-ad9d-c0440ab171e11743886744085
2025-04-05 20:59:06.803 [info] VSCODE_VERSION: 1.98.2
2025-04-05 20:59:06.803 [info] VSCODE_APP_NAME: Gitpod Code
2025-04-05 20:59:06.803 [info] VSCODE_APP_HOST: Gitpod
2025-04-05 20:59:06.803 [info] VSCODE_UI_KIND: web
2025-04-05 20:59:06.803 [info] GITPOD_WORKSPACE_CONTEXT_URL: https://github.com/ekzhang/rustpad
2025-04-05 20:59:06.803 [info] GITPOD_INSTANCE_ID: 843990af-04a6-4de1-b35a-d670e9954a41
2025-04-05 20:59:06.803 [info] GITPOD_WORKSPACE_URL: https://ekzhang-rustpad-53jsjadexnx.ws-us118.gitpod.io
2025-04-05 20:59:06.803 [info] Gitpod Web 3953e81
2025-04-05 20:59:06.803 [info] Reading sessions from keychain...
2025-04-05 20:59:06.894 [info] Getting sessions for all scopes...
2025-04-05 20:59:06.894 [info] Getting sessions for all scopes...
2025-04-05 20:59:06.894 [info] Getting GitHub sessions for all scopes...
2025-04-05 20:59:06.895 [info] Getting sessions for function:accessCodeSyncStorage...
2025-04-05 20:59:06.895 [info] Got stored sessions!
2025-04-05 20:59:07.002 [info] Verified session with the following scopes: function:accessCodeSyncStorage function:closePort function:controlAdmission function:deleteEnvVar function:generateNewGitpodToken function:getDefaultWorkspaceImage function:getGitpodTokenScopes function:getIDToken function:getLoggedInUser function:getOpenPorts function:getSupportedWorkspaceClasses function:getTeams function:getToken function:getWorkspace function:getWorkspaceEnvVars function:getWorkspaceOwner function:getWorkspaceTimeout function:getWorkspaceUsers function:guessGitTokenScopes function:isWorkspaceOwner function:openPort function:sendHeartBeat function:setEnvVar function:setWorkspaceTimeout function:stopWorkspace function:takeSnapshot function:trackEvent function:updateGitStatus function:waitForSnapshot resource:contentBlob::*::create/get resource:envVar::*/**::update resource:envVar::*/*::update resource:envVar::ekzhang/rustpad::create/get/update/delete resource:gitpodToken::*::create resource:snapshot::ws-ekzhang-rustpad-53jsjadexnx::create resource:token::*::get resource:userStorage::*::create/get/update resource:workspace::ekzhang-rustpad-53jsjadexnx::get/update resource:workspaceInstance::843990af-04a6-4de1-b35a-d670e9954a41::get/update/delete
2025-04-05 20:59:07.002 [info] Got 1 verified sessions.
2025-04-05 20:59:07.002 [info] Got 1 sessions for all scopes...
2025-04-05 20:59:07.002 [info] Got 1 sessions for all scopes...
2025-04-05 20:59:07.002 [info] Got 1 sessions for function:accessCodeSyncStorage...
2025-04-05 20:59:07.195 [info] Getting GitHub sessions for all scopes...
2025-04-05 20:59:07.195 [info] Getting sessions for all scopes...
2025-04-05 20:59:07.195 [info] Got 1 sessions for all scopes...
2025-04-05 20:59:07.249 [info] Got 1 GitHub sessions for all scopes...
2025-04-05 20:59:07.249 [info] Got 1 GitHub sessions for all scopes...
2025-04-05 20:59:07.766 [info] Getting GitHub sessions for all scopes...
2025-04-05 20:59:07.766 [info] Getting sessions for all scopes...
2025-04-05 20:59:07.766 [info] Getting GitHub sessions for all scopes...
2025-04-05 20:59:07.766 [info] Got 1 GitHub sessions for all scopes...
2025-04-05 20:59:07.766 [info] Got 1 sessions for all scopes...
2025-04-05 20:59:07.766 [info] Got 1 GitHub sessions for all scopes...
2025-04-05 20:59:08.126 [info] Getting GitHub sessions for read:user,repo,user:email,workflow...
2025-04-05 20:59:08.126 [info] Got 0 GitHub sessions for read:user,repo,user:email,workflow...
2025-04-05 20:59:08.314 [info] Getting GitHub sessions for project,read:org,read:user,repo,user:email,workflow...
2025-04-05 20:59:08.314 [info] Got 0 GitHub sessions for project,read:org,read:user,repo,user:email,workflow...
2025-04-05 20:59:08.834 [info] Getting GitHub sessions for read:user,repo,user:email,workflow...
2025-04-05 20:59:08.834 [info] Got 0 GitHub sessions for read:user,repo,user:email,workflow...
2025-04-05 20:59:09.346 [info] Getting GitHub sessions for read:user,repo,user:email...
2025-04-05 20:59:09.346 [info] Got 0 GitHub sessions for read:user,repo,user:email...
2025-04-05 20:59:09.957 [info] Getting GitHub sessions for read:user,repo,user:email,workflow...
2025-04-05 20:59:09.957 [info] Got 0 GitHub sessions for read:user,repo,user:email,workflow...
