2025-04-03 20:20:30.190 [info] Log level: Info
2025-04-03 20:20:30.207 [info] VSCODE_MACHINE_ID: 60a73f6d-3fb1-49b7-8e54-6134d66af2c6
2025-04-03 20:20:30.207 [info] VSCODE_SESSION_ID: 93e1dc01-c686-4401-aa07-5692b0f9ee4e1743711627762
2025-04-03 20:20:30.207 [info] VSCODE_VERSION: 1.98.2
2025-04-03 20:20:30.207 [info] VSCODE_APP_NAME: Gitpod Code
2025-04-03 20:20:30.207 [info] VSCODE_APP_HOST: Gitpod
2025-04-03 20:20:30.207 [info] VSCODE_UI_KIND: web
2025-04-03 20:20:30.207 [info] GITPOD_WORKSPACE_CONTEXT_URL: https://github.com/ekzhang/rustpad
2025-04-03 20:20:30.207 [info] GITPOD_INSTANCE_ID: a6b86173-695f-498c-83dc-9f33808c112d
2025-04-03 20:20:30.207 [info] GITPOD_WORKSPACE_URL: https://ekzhang-rustpad-53jsjadexnx.ws-us118.gitpod.io
2025-04-03 20:20:30.216 [info] Gitpod Web 3953e81
2025-04-03 20:20:30.216 [info] Reading sessions from keychain...
2025-04-03 20:20:30.347 [info] Getting sessions for all scopes...
2025-04-03 20:20:30.347 [info] Getting sessions for all scopes...
2025-04-03 20:20:30.347 [info] Getting GitHub sessions for all scopes...
2025-04-03 20:20:30.347 [info] Getting sessions for function:accessCodeSyncStorage...
2025-04-03 20:20:30.348 [info] Got stored sessions!
2025-04-03 20:20:30.496 [info] Verified session with the following scopes: function:accessCodeSyncStorage function:closePort function:controlAdmission function:deleteEnvVar function:generateNewGitpodToken function:getDefaultWorkspaceImage function:getGitpodTokenScopes function:getIDToken function:getLoggedInUser function:getOpenPorts function:getSupportedWorkspaceClasses function:getTeams function:getToken function:getWorkspace function:getWorkspaceEnvVars function:getWorkspaceOwner function:getWorkspaceTimeout function:getWorkspaceUsers function:guessGitTokenScopes function:isWorkspaceOwner function:openPort function:sendHeartBeat function:setEnvVar function:setWorkspaceTimeout function:stopWorkspace function:takeSnapshot function:trackEvent function:updateGitStatus function:waitForSnapshot resource:contentBlob::*::create/get resource:envVar::*/**::update resource:envVar::*/*::update resource:envVar::ekzhang/rustpad::create/get/update/delete resource:gitpodToken::*::create resource:snapshot::ws-ekzhang-rustpad-53jsjadexnx::create resource:token::*::get resource:userStorage::*::create/get/update resource:workspace::ekzhang-rustpad-53jsjadexnx::get/update resource:workspaceInstance::a6b86173-695f-498c-83dc-9f33808c112d::get/update/delete
2025-04-03 20:20:30.496 [info] Got 1 verified sessions.
2025-04-03 20:20:30.496 [info] Got 1 sessions for all scopes...
2025-04-03 20:20:30.496 [info] Got 1 sessions for all scopes...
2025-04-03 20:20:30.496 [info] Got 1 sessions for function:accessCodeSyncStorage...
2025-04-03 20:20:30.640 [info] Getting GitHub sessions for all scopes...
2025-04-03 20:20:30.641 [info] Getting sessions for all scopes...
2025-04-03 20:20:30.641 [info] Got 1 sessions for all scopes...
2025-04-03 20:20:30.731 [info] Got 1 GitHub sessions for all scopes...
2025-04-03 20:20:30.731 [info] Got 1 GitHub sessions for all scopes...
2025-04-03 20:20:31.392 [info] Getting GitHub sessions for all scopes...
2025-04-03 20:20:31.392 [info] Got 1 GitHub sessions for all scopes...
2025-04-03 20:20:31.403 [info] Getting sessions for all scopes...
2025-04-03 20:20:31.403 [info] Getting GitHub sessions for all scopes...
2025-04-03 20:20:31.411 [info] Got 1 sessions for all scopes...
2025-04-03 20:20:31.411 [info] Got 1 GitHub sessions for all scopes...
2025-04-03 20:20:31.492 [info] Getting GitHub sessions for read:user,repo,user:email,workflow...
2025-04-03 20:20:31.492 [info] Got 0 GitHub sessions for read:user,repo,user:email,workflow...
2025-04-03 20:20:31.728 [info] Getting GitHub sessions for project,read:org,read:user,repo,user:email,workflow...
2025-04-03 20:20:31.728 [info] Got 0 GitHub sessions for project,read:org,read:user,repo,user:email,workflow...
2025-04-03 20:20:31.946 [info] Getting GitHub sessions for read:user,repo,user:email,workflow...
2025-04-03 20:20:31.946 [info] Got 0 GitHub sessions for read:user,repo,user:email,workflow...
2025-04-03 20:20:32.268 [info] Getting GitHub sessions for read:user,repo,user:email...
2025-04-03 20:20:32.268 [info] Got 0 GitHub sessions for read:user,repo,user:email...
2025-04-03 20:20:32.527 [info] Getting GitHub sessions for read:user,repo,user:email,workflow...
2025-04-03 20:20:32.527 [info] Got 0 GitHub sessions for read:user,repo,user:email,workflow...
