2025-04-06 17:27:26.304 [info] Log level: Info
2025-04-06 17:27:26.340 [info] VSCODE_MACHINE_ID: 60a73f6d-3fb1-49b7-8e54-6134d66af2c6
2025-04-06 17:27:26.340 [info] VSCODE_SESSION_ID: 682f4642-c3df-4cff-8e53-828339d575a51743960442884
2025-04-06 17:27:26.340 [info] VSCODE_VERSION: 1.98.2
2025-04-06 17:27:26.340 [info] VSCODE_APP_NAME: Gitpod Code
2025-04-06 17:27:26.340 [info] VSCODE_APP_HOST: Gitpod
2025-04-06 17:27:26.340 [info] VSCODE_UI_KIND: web
2025-04-06 17:27:26.340 [info] GITPOD_WORKSPACE_CONTEXT_URL: https://github.com/ekzhang/rustpad
2025-04-06 17:27:26.340 [info] GITPOD_INSTANCE_ID: d35b9414-968c-490c-8013-00f521e8f052
2025-04-06 17:27:26.340 [info] GITPOD_WORKSPACE_URL: https://ekzhang-rustpad-53jsjadexnx.ws-us118.gitpod.io
2025-04-06 17:27:26.351 [info] Gitpod Web 3953e81
2025-04-06 17:27:26.351 [info] Reading sessions from keychain...
2025-04-06 17:27:26.484 [info] Getting sessions for all scopes...
2025-04-06 17:27:26.484 [info] Getting sessions for all scopes...
2025-04-06 17:27:26.484 [info] Getting GitHub sessions for all scopes...
2025-04-06 17:27:26.484 [info] Getting sessions for function:accessCodeSyncStorage...
2025-04-06 17:27:26.485 [info] Got stored sessions!
2025-04-06 17:27:26.599 [info] Verified session with the following scopes: function:accessCodeSyncStorage function:closePort function:controlAdmission function:deleteEnvVar function:generateNewGitpodToken function:getDefaultWorkspaceImage function:getGitpodTokenScopes function:getIDToken function:getLoggedInUser function:getOpenPorts function:getSupportedWorkspaceClasses function:getTeams function:getToken function:getWorkspace function:getWorkspaceEnvVars function:getWorkspaceOwner function:getWorkspaceTimeout function:getWorkspaceUsers function:guessGitTokenScopes function:isWorkspaceOwner function:openPort function:sendHeartBeat function:setEnvVar function:setWorkspaceTimeout function:stopWorkspace function:takeSnapshot function:trackEvent function:updateGitStatus function:waitForSnapshot resource:contentBlob::*::create/get resource:envVar::*/**::update resource:envVar::*/*::update resource:envVar::ekzhang/rustpad::create/get/update/delete resource:gitpodToken::*::create resource:snapshot::ws-ekzhang-rustpad-53jsjadexnx::create resource:token::*::get resource:userStorage::*::create/get/update resource:workspace::ekzhang-rustpad-53jsjadexnx::get/update resource:workspaceInstance::d35b9414-968c-490c-8013-00f521e8f052::get/update/delete
2025-04-06 17:27:26.599 [info] Got 1 verified sessions.
2025-04-06 17:27:26.599 [info] Got 1 sessions for all scopes...
2025-04-06 17:27:26.599 [info] Got 1 sessions for all scopes...
2025-04-06 17:27:26.599 [info] Got 1 sessions for function:accessCodeSyncStorage...
2025-04-06 17:27:26.775 [info] Getting GitHub sessions for all scopes...
2025-04-06 17:27:26.775 [info] Getting sessions for all scopes...
2025-04-06 17:27:26.776 [info] Got 1 sessions for all scopes...
2025-04-06 17:27:26.873 [info] Got 1 GitHub sessions for all scopes...
2025-04-06 17:27:26.873 [info] Got 1 GitHub sessions for all scopes...
2025-04-06 17:27:27.468 [info] Getting GitHub sessions for all scopes...
2025-04-06 17:27:27.468 [info] Got 1 GitHub sessions for all scopes...
2025-04-06 17:27:27.561 [info] Getting GitHub sessions for read:user,repo,user:email,workflow...
2025-04-06 17:27:27.561 [info] Got 0 GitHub sessions for read:user,repo,user:email,workflow...
2025-04-06 17:27:27.721 [info] Getting GitHub sessions for project,read:org,read:user,repo,user:email,workflow...
2025-04-06 17:27:27.721 [info] Got 0 GitHub sessions for project,read:org,read:user,repo,user:email,workflow...
2025-04-06 17:27:27.973 [info] Getting GitHub sessions for read:user,repo,user:email,workflow...
2025-04-06 17:27:27.973 [info] Got 0 GitHub sessions for read:user,repo,user:email,workflow...
2025-04-06 17:27:28.235 [info] Getting GitHub sessions for read:user,repo,user:email...
2025-04-06 17:27:28.235 [info] Got 0 GitHub sessions for read:user,repo,user:email...
2025-04-06 17:27:28.501 [info] Getting GitHub sessions for read:user,repo,user:email,workflow...
2025-04-06 17:27:28.501 [info] Got 0 GitHub sessions for read:user,repo,user:email,workflow...
2025-04-06 17:28:26.994 [info] Getting sessions for all scopes...
2025-04-06 17:28:26.994 [info] Getting GitHub sessions for all scopes...
2025-04-06 17:28:26.994 [info] Got 1 sessions for all scopes...
2025-04-06 17:28:26.994 [info] Got 1 GitHub sessions for all scopes...
