2025-04-03 19:59:12.220 [info] [main] Log level: Info
2025-04-03 19:59:12.220 [info] [main] Validating found git in: "git"
2025-04-03 19:59:12.220 [info] [main] Using git "2.48.1" from "git"
2025-04-03 19:59:12.220 [info] [Model][doInitialScan] Initial repository scan started
2025-04-03 19:59:12.220 [info] > git rev-parse --show-toplevel [87ms]
2025-04-03 19:59:12.220 [info] > git rev-parse --git-dir --git-common-dir [197ms]
2025-04-03 19:59:12.220 [info] [Model][openRepository] Opened repository: /workspace/rustpad
2025-04-03 19:59:12.220 [info] > git rev-parse --show-toplevel [16ms]
2025-04-03 19:59:12.220 [info] > git config --get commit.template [96ms]
2025-04-03 19:59:12.220 [info] > git rev-parse --show-toplevel [18ms]
2025-04-03 19:59:12.220 [info] > git for-each-ref --format=%(refname)%00%(upstream:short)%00%(objectname)%00%(upstream:track)%00%(upstream:remotename)%00%(upstream:remoteref) refs/heads/main refs/remotes/main [90ms]
2025-04-03 19:59:12.220 [warning] [Git][revParse] Unable to read file: ENOENT: no such file or directory, open '/workspace/rustpad/.git/refs/remotes/origin/main'
2025-04-03 19:59:12.220 [info] > git rev-parse --show-toplevel [775ms]
2025-04-03 19:59:12.220 [info] > git rev-parse refs/remotes/origin/main [709ms]
2025-04-03 19:59:12.220 [info] > git status -z -uall [20ms]
2025-04-03 19:59:12.220 [info] > git rev-parse --show-toplevel [111ms]
2025-04-03 19:59:12.220 [info] > git for-each-ref --sort -committerdate --format %(refname) %(objectname) %(*objectname) [95ms]
2025-04-03 19:59:12.220 [info] > git rev-parse --show-toplevel [191ms]
2025-04-03 19:59:12.220 [info] > git for-each-ref --format=%(refname)%00%(upstream:short)%00%(objectname)%00%(upstream:track)%00%(upstream:remotename)%00%(upstream:remoteref) refs/heads/main refs/remotes/main [93ms]
2025-04-03 19:59:12.220 [info] > git config --get commit.template [105ms]
2025-04-03 19:59:12.220 [info] > git rev-parse --show-toplevel [3ms]
2025-04-03 19:59:12.220 [info] [Model][doInitialScan] Initial repository scan completed - repositories (1), closed repositories (0), parent repositories (0), unsafe repositories (0)
2025-04-03 19:59:12.220 [info] > git config --get --local branch.main.vscode-merge-base [89ms]
2025-04-03 19:59:12.220 [warning] [Git][config] git config failed: Failed to execute git
2025-04-03 19:59:12.220 [info] > git reflog main --grep-reflog=branch: Created from *. [9ms]
2025-04-03 19:59:12.220 [info] > git for-each-ref --format=%(refname)%00%(upstream:short)%00%(objectname)%00%(upstream:track)%00%(upstream:remotename)%00%(upstream:remoteref) refs/heads/main refs/remotes/main [101ms]
2025-04-03 19:59:12.220 [info] > git symbolic-ref --short refs/remotes/origin/HEAD [104ms]
2025-04-03 19:59:12.220 [warning] [Git][revParse] Unable to read file: ENOENT: no such file or directory, open '/workspace/rustpad/.git/refs/remotes/origin/main'
2025-04-03 19:59:12.220 [info] > git rev-parse refs/remotes/origin/main [19ms]
2025-04-03 19:59:12.220 [info] > git for-each-ref --format=%(refname)%00%(upstream:short)%00%(objectname)%00%(upstream:track)%00%(upstream:remotename)%00%(upstream:remoteref) refs/heads/origin/main refs/remotes/origin/main [194ms]
2025-04-03 19:59:12.284 [info] > git status -z -uall [93ms]
2025-04-03 19:59:12.285 [info] > git for-each-ref --sort -committerdate --format %(refname) %(objectname) %(*objectname) [83ms]
2025-04-03 19:59:12.306 [info] > git for-each-ref --format=%(refname)%00%(upstream:short)%00%(objectname)%00%(upstream:track)%00%(upstream:remotename)%00%(upstream:remoteref) refs/heads/main refs/remotes/main [3ms]
2025-04-03 19:59:12.387 [info] > git config --add --local branch.main.vscode-merge-base origin/main [169ms]
2025-04-03 19:59:12.406 [info] > git config --get --local branch.main.vscode-merge-base [20ms]
2025-04-03 19:59:12.496 [info] > git config --get commit.template [91ms]
2025-04-03 19:59:12.501 [info] > git for-each-ref --format=%(refname)%00%(upstream:short)%00%(objectname)%00%(upstream:track)%00%(upstream:remotename)%00%(upstream:remoteref) refs/heads/origin/main refs/remotes/origin/main [8ms]
2025-04-03 19:59:14.085 [info] > git merge-base refs/heads/main refs/remotes/origin/main [1500ms]
2025-04-03 19:59:14.189 [info] > git diff --name-status -z --diff-filter=ADMR 54e4a9383c84d7317af42a7ddb177ce8bcba058d...refs/remotes/origin/main [6ms]
2025-04-03 19:59:14.190 [info] > git for-each-ref --format=%(refname)%00%(upstream:short)%00%(objectname)%00%(upstream:track)%00%(upstream:remotename)%00%(upstream:remoteref) refs/heads/main refs/remotes/main [1590ms]
2025-04-03 19:59:14.291 [warning] [Git][revParse] Unable to read file: ENOENT: no such file or directory, open '/workspace/rustpad/.git/refs/remotes/origin/main'
2025-04-03 19:59:14.388 [info] > git rev-parse refs/remotes/origin/main [97ms]
2025-04-03 19:59:14.585 [info] > git status -z -uall [101ms]
2025-04-03 19:59:14.593 [info] > git for-each-ref --sort -committerdate --format %(refname) %(objectname) %(*objectname) [10ms]
2025-04-03 19:59:15.586 [info] > git check-ignore -v -z --stdin [301ms]
2025-04-03 19:59:16.584 [info] > git check-ignore -v -z --stdin [96ms]
2025-04-03 19:59:18.087 [info] > git for-each-ref --format=%(refname)%00%(upstream:short)%00%(objectname)%00%(upstream:track)%00%(upstream:remotename)%00%(upstream:remoteref) refs/heads/main refs/remotes/main [4ms]
2025-04-03 19:59:18.088 [info] > git config --get commit.template [194ms]
2025-04-03 19:59:18.283 [warning] [Git][revParse] Unable to read file: ENOENT: no such file or directory, open '/workspace/rustpad/.git/refs/remotes/origin/main'
2025-04-03 19:59:18.391 [info] > git rev-parse refs/remotes/origin/main [108ms]
2025-04-03 19:59:18.790 [info] > git status -z -uall [202ms]
2025-04-03 19:59:18.793 [info] > git for-each-ref --sort -committerdate --format %(refname) %(objectname) %(*objectname) [4ms]
2025-04-03 19:59:25.884 [info] > git config --get --local branch.main.github-pr-owner-number [1ms]
2025-04-03 19:59:25.884 [warning] [Git][config] git config failed: Failed to execute git
2025-04-03 20:00:26.478 [info] > git check-ignore -v -z --stdin [2ms]
2025-04-03 20:01:05.317 [info] > git config --get commit.template [5ms]
2025-04-03 20:01:05.325 [info] > git for-each-ref --format=%(refname)%00%(upstream:short)%00%(objectname)%00%(upstream:track)%00%(upstream:remotename)%00%(upstream:remoteref) refs/heads/main refs/remotes/main [2ms]
2025-04-03 20:01:05.331 [warning] [Git][revParse] Unable to read file: ENOENT: no such file or directory, open '/workspace/rustpad/.git/refs/remotes/origin/main'
2025-04-03 20:01:05.333 [info] > git rev-parse refs/remotes/origin/main [2ms]
2025-04-03 20:01:05.345 [info] > git status -z -uall [7ms]
2025-04-03 20:01:05.347 [info] > git for-each-ref --sort -committerdate --format %(refname) %(objectname) %(*objectname) [3ms]
2025-04-03 20:01:10.364 [info] > git config --get commit.template [6ms]
2025-04-03 20:01:10.365 [info] > git for-each-ref --format=%(refname)%00%(upstream:short)%00%(objectname)%00%(upstream:track)%00%(upstream:remotename)%00%(upstream:remoteref) refs/heads/main refs/remotes/main [2ms]
2025-04-03 20:01:10.371 [warning] [Git][revParse] Unable to read file: ENOENT: no such file or directory, open '/workspace/rustpad/.git/refs/remotes/origin/main'
2025-04-03 20:01:10.373 [info] > git rev-parse refs/remotes/origin/main [1ms]
2025-04-03 20:01:10.385 [info] > git status -z -uall [6ms]
2025-04-03 20:01:10.387 [info] > git for-each-ref --sort -committerdate --format %(refname) %(objectname) %(*objectname) [3ms]
2025-04-03 20:05:25.238 [info] > git config --get commit.template [6ms]
2025-04-03 20:05:25.239 [info] > git for-each-ref --format=%(refname)%00%(upstream:short)%00%(objectname)%00%(upstream:track)%00%(upstream:remotename)%00%(upstream:remoteref) refs/heads/main refs/remotes/main [2ms]
2025-04-03 20:05:25.244 [warning] [Git][revParse] Unable to read file: ENOENT: no such file or directory, open '/workspace/rustpad/.git/refs/remotes/origin/main'
2025-04-03 20:05:25.245 [info] > git rev-parse refs/remotes/origin/main [1ms]
2025-04-03 20:05:25.256 [info] > git status -z -uall [6ms]
2025-04-03 20:05:25.258 [info] > git for-each-ref --sort -committerdate --format %(refname) %(objectname) %(*objectname) [3ms]
2025-04-03 20:07:43.928 [info] > git check-ignore -v -z --stdin [2ms]
2025-04-03 20:07:44.145 [info] > git config --get commit.template [6ms]
2025-04-03 20:07:44.147 [info] > git for-each-ref --format=%(refname)%00%(upstream:short)%00%(objectname)%00%(upstream:track)%00%(upstream:remotename)%00%(upstream:remoteref) refs/heads/main refs/remotes/main [3ms]
2025-04-03 20:07:44.152 [warning] [Git][revParse] Unable to read file: ENOENT: no such file or directory, open '/workspace/rustpad/.git/refs/remotes/origin/main'
2025-04-03 20:07:44.153 [info] > git rev-parse refs/remotes/origin/main [1ms]
2025-04-03 20:07:44.164 [info] > git status -z -uall [6ms]
2025-04-03 20:07:44.165 [info] > git for-each-ref --sort -committerdate --format %(refname) %(objectname) %(*objectname) [2ms]
2025-04-03 20:11:21.507 [info] > git config --get commit.template [6ms]
2025-04-03 20:11:21.509 [info] > git for-each-ref --format=%(refname)%00%(upstream:short)%00%(objectname)%00%(upstream:track)%00%(upstream:remotename)%00%(upstream:remoteref) refs/heads/main refs/remotes/main [2ms]
2025-04-03 20:11:21.513 [warning] [Git][revParse] Unable to read file: ENOENT: no such file or directory, open '/workspace/rustpad/.git/refs/remotes/origin/main'
2025-04-03 20:11:21.515 [info] > git rev-parse refs/remotes/origin/main [2ms]
2025-04-03 20:11:21.527 [info] > git status -z -uall [8ms]
2025-04-03 20:11:21.529 [info] > git for-each-ref --sort -committerdate --format %(refname) %(objectname) %(*objectname) [2ms]
2025-04-03 20:11:21.667 [info] > git check-ignore -v -z --stdin [2ms]
2025-04-03 20:12:29.587 [info] > git config --get commit.template [5ms]
2025-04-03 20:12:29.589 [info] > git for-each-ref --format=%(refname)%00%(upstream:short)%00%(objectname)%00%(upstream:track)%00%(upstream:remotename)%00%(upstream:remoteref) refs/heads/main refs/remotes/main [2ms]
2025-04-03 20:12:29.595 [warning] [Git][revParse] Unable to read file: ENOENT: no such file or directory, open '/workspace/rustpad/.git/refs/remotes/origin/main'
2025-04-03 20:12:29.596 [info] > git rev-parse refs/remotes/origin/main [2ms]
2025-04-03 20:12:29.605 [info] > git status -z -uall [5ms]
2025-04-03 20:12:29.607 [info] > git for-each-ref --sort -committerdate --format %(refname) %(objectname) %(*objectname) [2ms]
2025-04-03 20:12:34.622 [info] > git config --get commit.template [6ms]
2025-04-03 20:12:34.623 [info] > git for-each-ref --format=%(refname)%00%(upstream:short)%00%(objectname)%00%(upstream:track)%00%(upstream:remotename)%00%(upstream:remoteref) refs/heads/main refs/remotes/main [2ms]
2025-04-03 20:12:34.628 [warning] [Git][revParse] Unable to read file: ENOENT: no such file or directory, open '/workspace/rustpad/.git/refs/remotes/origin/main'
2025-04-03 20:12:34.630 [info] > git rev-parse refs/remotes/origin/main [2ms]
2025-04-03 20:12:34.641 [info] > git status -z -uall [6ms]
2025-04-03 20:12:34.643 [info] > git for-each-ref --sort -committerdate --format %(refname) %(objectname) %(*objectname) [3ms]
2025-04-03 20:12:39.698 [info] > git config --get commit.template [8ms]
2025-04-03 20:12:39.701 [info] > git for-each-ref --format=%(refname)%00%(upstream:short)%00%(objectname)%00%(upstream:track)%00%(upstream:remotename)%00%(upstream:remoteref) refs/heads/main refs/remotes/main [4ms]
2025-04-03 20:12:39.708 [warning] [Git][revParse] Unable to read file: ENOENT: no such file or directory, open '/workspace/rustpad/.git/refs/remotes/origin/main'
2025-04-03 20:12:39.710 [info] > git rev-parse refs/remotes/origin/main [2ms]
2025-04-03 20:12:39.792 [info] > git status -z -uall [7ms]
2025-04-03 20:12:39.797 [info] > git for-each-ref --sort -committerdate --format %(refname) %(objectname) %(*objectname) [4ms]
2025-04-03 20:12:44.813 [info] > git config --get commit.template [7ms]
2025-04-03 20:12:44.814 [info] > git for-each-ref --format=%(refname)%00%(upstream:short)%00%(objectname)%00%(upstream:track)%00%(upstream:remotename)%00%(upstream:remoteref) refs/heads/main refs/remotes/main [3ms]
2025-04-03 20:12:44.819 [warning] [Git][revParse] Unable to read file: ENOENT: no such file or directory, open '/workspace/rustpad/.git/refs/remotes/origin/main'
2025-04-03 20:12:44.820 [info] > git rev-parse refs/remotes/origin/main [2ms]
2025-04-03 20:12:44.830 [info] > git status -z -uall [5ms]
2025-04-03 20:12:44.832 [info] > git for-each-ref --sort -committerdate --format %(refname) %(objectname) %(*objectname) [3ms]
2025-04-03 20:13:00.154 [info] > git config --get commit.template [6ms]
2025-04-03 20:13:00.155 [info] > git for-each-ref --format=%(refname)%00%(upstream:short)%00%(objectname)%00%(upstream:track)%00%(upstream:remotename)%00%(upstream:remoteref) refs/heads/main refs/remotes/main [2ms]
2025-04-03 20:13:00.160 [warning] [Git][revParse] Unable to read file: ENOENT: no such file or directory, open '/workspace/rustpad/.git/refs/remotes/origin/main'
2025-04-03 20:13:00.162 [info] > git rev-parse refs/remotes/origin/main [2ms]
2025-04-03 20:13:00.172 [info] > git status -z -uall [6ms]
2025-04-03 20:13:00.173 [info] > git for-each-ref --sort -committerdate --format %(refname) %(objectname) %(*objectname) [2ms]
2025-04-03 20:13:11.010 [info] > git config --get commit.template [6ms]
2025-04-03 20:13:11.011 [info] > git for-each-ref --format=%(refname)%00%(upstream:short)%00%(objectname)%00%(upstream:track)%00%(upstream:remotename)%00%(upstream:remoteref) refs/heads/main refs/remotes/main [2ms]
2025-04-03 20:13:11.016 [warning] [Git][revParse] Unable to read file: ENOENT: no such file or directory, open '/workspace/rustpad/.git/refs/remotes/origin/main'
2025-04-03 20:13:11.017 [info] > git rev-parse refs/remotes/origin/main [1ms]
2025-04-03 20:13:11.027 [info] > git status -z -uall [5ms]
2025-04-03 20:13:11.029 [info] > git for-each-ref --sort -committerdate --format %(refname) %(objectname) %(*objectname) [2ms]
2025-04-03 20:20:10.009 [info] > git log --format=%H%n%aN%n%aE%n%at%n%ct%n%P%n%D%n%B -z --shortstat --diff-merges=first-parent -n50 --skip=0 --topo-order --decorate=full --stdin [113ms]
