2025-04-06 18:44:37.518 [info] Log level: Info
2025-04-06 18:44:37.534 [info] VSCODE_MACHINE_ID: 60a73f6d-3fb1-49b7-8e54-6134d66af2c6
2025-04-06 18:44:37.534 [info] VSCODE_SESSION_ID: db49fc33-71d5-420f-a4b0-a8b11eb6a1f91743965062491
2025-04-06 18:44:37.534 [info] VSCODE_VERSION: 1.98.2
2025-04-06 18:44:37.534 [info] VSCODE_APP_NAME: Gitpod Code
2025-04-06 18:44:37.534 [info] VSCODE_APP_HOST: Gitpod
2025-04-06 18:44:37.534 [info] VSCODE_UI_KIND: web
2025-04-06 18:44:37.534 [info] GITPOD_WORKSPACE_CONTEXT_URL: https://github.com/ekzhang/rustpad
2025-04-06 18:44:37.534 [info] GITPOD_INSTANCE_ID: 283858b4-afbe-4d8d-9adb-60a4660277eb
2025-04-06 18:44:37.534 [info] GITPOD_WORKSPACE_URL: https://ekzhang-rustpad-53jsjadexnx.ws-us118.gitpod.io
2025-04-06 18:44:37.542 [info] Gitpod Web 3953e81
2025-04-06 18:44:37.542 [info] Reading sessions from keychain...
2025-04-06 18:44:37.707 [info] Getting sessions for all scopes...
2025-04-06 18:44:37.707 [info] Getting sessions for all scopes...
2025-04-06 18:44:37.707 [info] Getting GitHub sessions for all scopes...
2025-04-06 18:44:37.707 [info] Getting sessions for function:accessCodeSyncStorage...
2025-04-06 18:44:37.707 [info] Got stored sessions!
2025-04-06 18:44:37.707 [info] Verified session with the following scopes: function:accessCodeSyncStorage function:closePort function:controlAdmission function:deleteEnvVar function:generateNewGitpodToken function:getDefaultWorkspaceImage function:getGitpodTokenScopes function:getIDToken function:getLoggedInUser function:getOpenPorts function:getSupportedWorkspaceClasses function:getTeams function:getToken function:getWorkspace function:getWorkspaceEnvVars function:getWorkspaceOwner function:getWorkspaceTimeout function:getWorkspaceUsers function:guessGitTokenScopes function:isWorkspaceOwner function:openPort function:sendHeartBeat function:setEnvVar function:setWorkspaceTimeout function:stopWorkspace function:takeSnapshot function:trackEvent function:updateGitStatus function:waitForSnapshot resource:contentBlob::*::create/get resource:envVar::*/**::update resource:envVar::*/*::update resource:envVar::ekzhang/rustpad::create/get/update/delete resource:gitpodToken::*::create resource:snapshot::ws-ekzhang-rustpad-53jsjadexnx::create resource:token::*::get resource:userStorage::*::create/get/update resource:workspace::ekzhang-rustpad-53jsjadexnx::get/update resource:workspaceInstance::283858b4-afbe-4d8d-9adb-60a4660277eb::get/update/delete
2025-04-06 18:44:37.708 [info] Got 1 verified sessions.
2025-04-06 18:44:37.708 [info] Got 1 sessions for all scopes...
2025-04-06 18:44:37.708 [info] Got 1 sessions for all scopes...
2025-04-06 18:44:37.708 [info] Got 1 sessions for function:accessCodeSyncStorage...
2025-04-06 18:44:38.066 [info] Getting GitHub sessions for all scopes...
2025-04-06 18:44:38.067 [info] Getting sessions for all scopes...
2025-04-06 18:44:38.067 [info] Got 1 sessions for all scopes...
2025-04-06 18:44:38.178 [info] Got 1 GitHub sessions for all scopes...
2025-04-06 18:44:38.178 [info] Got 1 GitHub sessions for all scopes...
2025-04-06 18:44:38.874 [info] Getting GitHub sessions for all scopes...
2025-04-06 18:44:38.874 [info] Got 1 GitHub sessions for all scopes...
2025-04-06 18:44:39.002 [info] Getting sessions for all scopes...
2025-04-06 18:44:39.002 [info] Getting GitHub sessions for all scopes...
2025-04-06 18:44:39.002 [info] Got 1 sessions for all scopes...
2025-04-06 18:44:39.002 [info] Got 1 GitHub sessions for all scopes...
2025-04-06 18:44:39.184 [info] Getting GitHub sessions for project,read:org,read:user,repo,user:email,workflow...
2025-04-06 18:44:39.184 [info] Got 0 GitHub sessions for project,read:org,read:user,repo,user:email,workflow...
2025-04-06 18:44:39.432 [info] Getting GitHub sessions for read:user,repo,user:email,workflow...
2025-04-06 18:44:39.432 [info] Got 1 GitHub sessions for read:user,repo,user:email,workflow...
