2025-04-06 17:27:27.559 [warning] /home/gitpod/.ssh/config: ENOENT: no such file or directory, open '/home/gitpod/.ssh/config'
2025-04-06 17:27:27.559 [info] [Activation] Extension version: 0.108.0
2025-04-06 17:27:28.585 [info] [Activation] Looking for git repository
2025-04-06 17:27:28.585 [info] [Activation] Found 0 repositories during activation
2025-04-06 17:27:28.585 [info] [Activation] Git repository found, initializing review manager and pr tree view.
2025-04-06 17:27:28.590 [info] [GitAPI] Registering git provider
2025-04-06 17:27:28.590 [info] [Review+0] Validate state in progress
2025-04-06 17:27:28.590 [info] [Review+0] Validating state...
2025-04-06 17:27:28.590 [info] [Review+1] Validate state in progress
2025-04-06 17:27:28.590 [info] [Review+1] Validating state...
2025-04-06 17:27:28.694 [info] [FolderRepositoryManager+0] Found GitHub remote for folder /workspace/rustpad/rustpad
2025-04-06 17:27:28.694 [info] [FolderRepositoryManager+1] Found GitHub remote for folder /workspace/rustpad
2025-04-06 17:27:28.696 [info] [FolderRepositoryManager+0] Trying to use globalState for assignableUsers.
2025-04-06 17:27:28.696 [info] [FolderRepositoryManager+1] Trying to use globalState for assignableUsers.
2025-04-06 17:27:28.710 [info] [Review+0] No matching pull request metadata found locally for current branch main
2025-04-06 17:27:28.711 [info] [Review+0] No matching pull request metadata found on GitHub for current branch main
2025-04-06 17:27:28.711 [info] [Review+1] No matching pull request metadata found locally for current branch main
2025-04-06 17:27:28.712 [info] [Review+1] No matching pull request metadata found on GitHub for current branch main
2025-04-06 17:27:28.801 [info] [FolderRepositoryManager+0] GlobalState does not exist for assignableUsers.
2025-04-06 17:27:28.802 [info] [FolderRepositoryManager+1] GlobalState does not exist for assignableUsers.
2025-04-06 17:30:04.947 [info] [Activation] Repo state for file:///workspace/rustpad changed.
2025-04-06 17:30:04.947 [info] [Activation] Repo file:///workspace/rustpad has already been setup.
2025-04-06 17:41:50.881 [info] [Review+1] Validate state in progress
2025-04-06 17:41:50.881 [info] [Review+1] Validating state...
2025-04-06 17:41:50.978 [info] [FolderRepositoryManager+1] Found GitHub remote for folder /workspace/rustpad
2025-04-06 17:41:50.979 [info] [FolderRepositoryManager+1] Using in-memory cached assignable users.
2025-04-06 17:41:50.989 [info] [Review+1] No matching pull request metadata found locally for current branch main
2025-04-06 17:41:50.989 [info] [Review+1] No matching pull request metadata found on GitHub for current branch main
2025-04-06 17:48:25.675 [info] [Review+1] Validate state in progress
2025-04-06 17:48:25.675 [info] [Review+1] Validating state...
2025-04-06 17:48:25.765 [info] [FolderRepositoryManager+1] Found GitHub remote for folder /workspace/rustpad
2025-04-06 17:48:25.765 [info] [FolderRepositoryManager+1] Using in-memory cached assignable users.
2025-04-06 17:48:25.773 [info] [Review+1] No matching pull request metadata found locally for current branch main
2025-04-06 17:48:25.773 [info] [Review+1] No matching pull request metadata found on GitHub for current branch main
2025-04-06 18:10:32.706 [info] [Review+1] Validate state in progress
2025-04-06 18:10:32.706 [info] [Review+1] Validating state...
2025-04-06 18:10:32.797 [info] [FolderRepositoryManager+1] Found GitHub remote for folder /workspace/rustpad
2025-04-06 18:10:32.798 [info] [FolderRepositoryManager+1] Using in-memory cached assignable users.
2025-04-06 18:10:32.805 [info] [Review+1] No matching pull request metadata found locally for current branch main
2025-04-06 18:10:32.805 [info] [Review+1] No matching pull request metadata found on GitHub for current branch main
