2025-04-05 20:59:07.726 [info] [main] Log level: Info
2025-04-05 20:59:07.726 [info] [main] Validating found git in: "git"
2025-04-05 20:59:07.726 [info] [main] Using git "2.48.1" from "git"
2025-04-05 20:59:07.726 [info] [Model][doInitialScan] Initial repository scan started
2025-04-05 20:59:07.726 [info] > git rev-parse --show-toplevel [28ms]
2025-04-05 20:59:07.726 [info] > git rev-parse --git-dir --git-common-dir [4ms]
2025-04-05 20:59:07.726 [info] [Model][openRepository] Opened repository: /workspace/rustpad
2025-04-05 20:59:07.726 [info] > git config --get commit.template [7ms]
2025-04-05 20:59:07.726 [info] > git rev-parse --show-toplevel [7ms]
2025-04-05 20:59:07.726 [info] > git for-each-ref --format=%(refname)%00%(upstream:short)%00%(objectname)%00%(upstream:track)%00%(upstream:remotename)%00%(upstream:remoteref) refs/heads/main refs/remotes/main [2ms]
2025-04-05 20:59:07.726 [warning] [Git][revParse] Unable to read file: ENOENT: no such file or directory, open '/workspace/rustpad/.git/refs/remotes/origin/main'
2025-04-05 20:59:07.726 [info] > git rev-parse --show-toplevel [9ms]
2025-04-05 20:59:07.726 [info] > git rev-parse refs/remotes/origin/main [5ms]
2025-04-05 20:59:07.726 [info] > git status -z -uall [10ms]
2025-04-05 20:59:07.726 [info] > git rev-parse --show-toplevel [2ms]
2025-04-05 20:59:07.726 [info] > git for-each-ref --sort -committerdate --format %(refname) %(objectname) %(*objectname) [6ms]
2025-04-05 20:59:07.726 [info] > git for-each-ref --format=%(refname)%00%(upstream:short)%00%(objectname)%00%(upstream:track)%00%(upstream:remotename)%00%(upstream:remoteref) refs/heads/main refs/remotes/main [37ms]
2025-04-05 20:59:07.726 [info] > git config --get commit.template [6ms]
2025-04-05 20:59:07.726 [info] > git rev-parse --show-toplevel [34ms]
2025-04-05 20:59:07.726 [info] > git config --get --local branch.main.vscode-merge-base [2ms]
2025-04-05 20:59:07.726 [info] > git rev-parse --git-dir --git-common-dir [5ms]
2025-04-05 20:59:07.726 [info] [Model][openRepository] Opened repository: /workspace/rustpad/rustpad
2025-04-05 20:59:07.726 [info] > git for-each-ref --format=%(refname)%00%(upstream:short)%00%(objectname)%00%(upstream:track)%00%(upstream:remotename)%00%(upstream:remoteref) refs/heads/origin/main refs/remotes/origin/main [13ms]
2025-04-05 20:59:07.726 [info] > git for-each-ref --format=%(refname)%00%(upstream:short)%00%(objectname)%00%(upstream:track)%00%(upstream:remotename)%00%(upstream:remoteref) refs/heads/main refs/remotes/main [18ms]
2025-04-05 20:59:07.726 [warning] [Git][revParse] Unable to read file: ENOENT: no such file or directory, open '/workspace/rustpad/.git/refs/remotes/origin/main'
2025-04-05 20:59:07.726 [info] > git config --get commit.template [114ms]
2025-04-05 20:59:07.726 [info] > git merge-base refs/heads/main refs/remotes/origin/main [119ms]
2025-04-05 20:59:07.726 [info] > git rev-parse refs/remotes/origin/main [6ms]
2025-04-05 20:59:07.726 [info] > git rev-parse --show-toplevel [123ms]
2025-04-05 20:59:07.726 [info] > git status -z -uall [14ms]
2025-04-05 20:59:07.726 [info] > git diff --name-status -z --diff-filter=ADMR 54e4a9383c84d7317af42a7ddb177ce8bcba058d...refs/remotes/origin/main [18ms]
2025-04-05 20:59:07.726 [info] > git for-each-ref --format=%(refname)%00%(upstream:short)%00%(objectname)%00%(upstream:track)%00%(upstream:remotename)%00%(upstream:remoteref) refs/heads/main refs/remotes/main [6ms]
2025-04-05 20:59:07.726 [info] > git for-each-ref --sort -committerdate --format %(refname) %(objectname) %(*objectname) [11ms]
2025-04-05 20:59:07.726 [warning] [Git][revParse] Unable to read file: ENOENT: no such file or directory, open '/workspace/rustpad/rustpad/.git/refs/remotes/origin/main'
2025-04-05 20:59:07.726 [info] > git rev-parse --show-toplevel [9ms]
2025-04-05 20:59:07.726 [info] > git rev-parse refs/remotes/origin/main [5ms]
2025-04-05 20:59:07.726 [info] > git status -z -uall [5ms]
2025-04-05 20:59:07.726 [info] > git rev-parse --show-toplevel [9ms]
2025-04-05 20:59:07.726 [info] > git for-each-ref --sort -committerdate --format %(refname) %(objectname) %(*objectname) [6ms]
2025-04-05 20:59:07.726 [info] > git rev-parse --show-toplevel [12ms]
2025-04-05 20:59:07.726 [info] [Model][doInitialScan] Initial repository scan completed - repositories (2), closed repositories (0), parent repositories (0), unsafe repositories (0)
2025-04-05 20:59:07.726 [info] > git for-each-ref --format=%(refname)%00%(upstream:short)%00%(objectname)%00%(upstream:track)%00%(upstream:remotename)%00%(upstream:remoteref) refs/heads/main refs/remotes/main [6ms]
2025-04-05 20:59:07.726 [info] > git config --get commit.template [7ms]
2025-04-05 20:59:07.726 [info] > git config --get --local branch.main.vscode-merge-base [6ms]
2025-04-05 20:59:07.726 [info] > git for-each-ref --format=%(refname)%00%(upstream:short)%00%(objectname)%00%(upstream:track)%00%(upstream:remotename)%00%(upstream:remoteref) refs/heads/main refs/remotes/main [6ms]
2025-04-05 20:59:07.726 [info] > git for-each-ref --format=%(refname)%00%(upstream:short)%00%(objectname)%00%(upstream:track)%00%(upstream:remotename)%00%(upstream:remoteref) refs/heads/origin/main refs/remotes/origin/main [3ms]
2025-04-05 20:59:07.726 [warning] [Git][revParse] Unable to read file: ENOENT: no such file or directory, open '/workspace/rustpad/rustpad/.git/refs/remotes/origin/main'
2025-04-05 20:59:07.727 [info] > git merge-base refs/heads/main refs/remotes/origin/main [117ms]
2025-04-05 20:59:07.736 [info] > git rev-parse refs/remotes/origin/main [122ms]
2025-04-05 20:59:07.746 [info] > git status -z -uall [5ms]
2025-04-05 20:59:07.747 [info] > git diff --name-status -z --diff-filter=ADMR 54e4a9383c84d7317af42a7ddb177ce8bcba058d...refs/remotes/origin/main [14ms]
2025-04-05 20:59:07.749 [info] > git for-each-ref --sort -committerdate --format %(refname) %(objectname) %(*objectname) [4ms]
2025-04-05 20:59:08.260 [info] > git check-ignore -v -z --stdin [6ms]
2025-04-05 20:59:08.261 [info] > git check-ignore -v -z --stdin [2ms]
2025-04-05 20:59:10.347 [info] > git config --get --local branch.main.github-pr-owner-number [6ms]
2025-04-05 20:59:10.347 [warning] [Git][config] git config failed: Failed to execute git
2025-04-05 20:59:10.349 [info] > git config --get --local branch.main.github-pr-owner-number [3ms]
2025-04-05 20:59:10.349 [warning] [Git][config] git config failed: Failed to execute git
