2025-04-03 19:59:08.792 [info] Log level: Info
2025-04-03 19:59:08.885 [info] VSCODE_MACHINE_ID: 60a73f6d-3fb1-49b7-8e54-6134d66af2c6
2025-04-03 19:59:08.885 [info] VSCODE_SESSION_ID: 383c7af4-4d27-489e-8299-28f19b3527e41743710343873
2025-04-03 19:59:08.885 [info] VSCODE_VERSION: 1.98.2
2025-04-03 19:59:08.885 [info] VSCODE_APP_NAME: Gitpod Code
2025-04-03 19:59:08.885 [info] VSCODE_APP_HOST: Gitpod
2025-04-03 19:59:08.885 [info] VSCODE_UI_KIND: web
2025-04-03 19:59:08.885 [info] GITPOD_WORKSPACE_CONTEXT_URL: https://github.com/ekzhang/rustpad
2025-04-03 19:59:08.885 [info] GITPOD_INSTANCE_ID: a6b86173-695f-498c-83dc-9f33808c112d
2025-04-03 19:59:08.885 [info] GITPOD_WORKSPACE_URL: https://ekzhang-rustpad-53jsjadexnx.ws-us118.gitpod.io
2025-04-03 19:59:08.898 [info] Gitpod Web 3953e81
2025-04-03 19:59:08.898 [info] Reading sessions from keychain...
2025-04-03 19:59:09.794 [info] Getting sessions for all scopes...
2025-04-03 19:59:09.794 [info] Getting sessions for all scopes...
2025-04-03 19:59:09.794 [info] Getting GitHub sessions for all scopes...
2025-04-03 19:59:09.794 [info] Getting sessions for function:accessCodeSyncStorage...
2025-04-03 19:59:09.795 [info] Got stored sessions!
2025-04-03 19:59:09.984 [info] Verified session with the following scopes: function:accessCodeSyncStorage function:closePort function:controlAdmission function:deleteEnvVar function:generateNewGitpodToken function:getDefaultWorkspaceImage function:getGitpodTokenScopes function:getIDToken function:getLoggedInUser function:getOpenPorts function:getSupportedWorkspaceClasses function:getTeams function:getToken function:getWorkspace function:getWorkspaceEnvVars function:getWorkspaceOwner function:getWorkspaceTimeout function:getWorkspaceUsers function:guessGitTokenScopes function:isWorkspaceOwner function:openPort function:sendHeartBeat function:setEnvVar function:setWorkspaceTimeout function:stopWorkspace function:takeSnapshot function:trackEvent function:updateGitStatus function:waitForSnapshot resource:contentBlob::*::create/get resource:envVar::*/**::update resource:envVar::*/*::update resource:envVar::ekzhang/rustpad::create/get/update/delete resource:gitpodToken::*::create resource:snapshot::ws-ekzhang-rustpad-53jsjadexnx::create resource:token::*::get resource:userStorage::*::create/get/update resource:workspace::ekzhang-rustpad-53jsjadexnx::get/update resource:workspaceInstance::a6b86173-695f-498c-83dc-9f33808c112d::get/update/delete
2025-04-03 19:59:09.985 [info] Got 1 verified sessions.
2025-04-03 19:59:09.985 [info] Got 1 sessions for all scopes...
2025-04-03 19:59:09.985 [info] Got 1 sessions for all scopes...
2025-04-03 19:59:09.985 [info] Got 1 sessions for function:accessCodeSyncStorage...
2025-04-03 19:59:11.485 [info] Got 1 GitHub sessions for all scopes...
2025-04-03 19:59:14.592 [info] Getting GitHub sessions for all scopes...
2025-04-03 19:59:14.592 [info] Getting sessions for all scopes...
2025-04-03 19:59:14.592 [info] Got 1 GitHub sessions for all scopes...
2025-04-03 19:59:14.592 [info] Got 1 sessions for all scopes...
2025-04-03 19:59:16.593 [info] Getting GitHub sessions for all scopes...
2025-04-03 19:59:16.593 [info] Got 1 GitHub sessions for all scopes...
2025-04-03 19:59:17.683 [info] Getting GitHub sessions for read:user,repo,user:email,workflow...
2025-04-03 19:59:17.683 [info] Got 0 GitHub sessions for read:user,repo,user:email,workflow...
2025-04-03 19:59:18.383 [info] Getting GitHub sessions for project,read:org,read:user,repo,user:email,workflow...
2025-04-03 19:59:18.383 [info] Got 0 GitHub sessions for project,read:org,read:user,repo,user:email,workflow...
2025-04-03 19:59:21.985 [info] Getting GitHub sessions for read:user,repo,user:email,workflow...
2025-04-03 19:59:21.986 [info] Got 0 GitHub sessions for read:user,repo,user:email,workflow...
2025-04-03 19:59:24.687 [info] Getting GitHub sessions for read:user,repo,user:email...
2025-04-03 19:59:24.687 [info] Got 0 GitHub sessions for read:user,repo,user:email...
2025-04-03 19:59:25.290 [info] Getting GitHub sessions for read:user,repo,user:email,workflow...
2025-04-03 19:59:25.291 [info] Got 0 GitHub sessions for read:user,repo,user:email,workflow...
2025-04-03 20:20:10.255 [info] Getting GitHub sessions for read:user,repo,user:email,workflow...
2025-04-03 20:20:10.256 [info] Got 0 GitHub sessions for read:user,repo,user:email,workflow...
