2025-04-06 18:44:36.608 [info] Extension host with pid 524 started
2025-04-06 18:44:36.608 [error] Error: EEXIST: file already exists, open '/workspace/.vscode-remote/data/User/workspaceStorage/36343c2c/vscode.lock'
2025-04-06 18:44:36.611 [info] Lock '/workspace/.vscode-remote/data/User/workspaceStorage/36343c2c/vscode.lock': Could not acquire lock, checking if the file is stale.
2025-04-06 18:44:36.611 [info] Lock '/workspace/.vscode-remote/data/User/workspaceStorage/36343c2c/vscode.lock': The lock does not look stale, elapsed: 134232 ms, giving up.
2025-04-06 18:44:36.613 [info] Lock '/workspace/.vscode-remote/data/User/workspaceStorage/36343c2c-1/vscode.lock': Lock acquired.
2025-04-06 18:44:36.789 [info] ExtensionService#_doActivateExtension gitpod.gitpod-web, startup: false, activationEvent: 'onView:gitpod.portsView'
2025-04-06 18:44:37.548 [info] ExtensionService#_doActivateExtension vscode.git-base, startup: true, activationEvent: '*', root cause: vscode.git
2025-04-06 18:44:37.558 [info] ExtensionService#_doActivateExtension vscode.npm, startup: true, activationEvent: 'workspaceContains:package.json'
2025-04-06 18:44:37.708 [info] ExtensionService#_doActivateExtension vscode.git, startup: true, activationEvent: '*'
2025-04-06 18:44:37.708 [info] ExtensionService#_doActivateExtension vscode.github, startup: true, activationEvent: '*'
2025-04-06 18:44:38.094 [info] Eager extensions activated
2025-04-06 18:44:38.094 [info] ExtensionService#_doActivateExtension vscode.debug-auto-launch, startup: false, activationEvent: 'onStartupFinished'
2025-04-06 18:44:38.094 [info] ExtensionService#_doActivateExtension vscode.merge-conflict, startup: false, activationEvent: 'onStartupFinished'
2025-04-06 18:44:38.095 [info] ExtensionService#_doActivateExtension vscode.github-authentication, startup: false, activationEvent: 'onStartupFinished', root cause: GitHub.vscode-pull-request-github
2025-04-06 18:44:38.275 [info] ExtensionService#_doActivateExtension redhat.vscode-yaml, startup: false, activationEvent: 'onLanguage:yaml'
2025-04-06 18:44:38.276 [info] ExtensionService#_doActivateExtension vscode.emmet, startup: false, activationEvent: 'onLanguage'
2025-04-06 18:44:38.618 [info] ExtensionService#_doActivateExtension GitHub.vscode-pull-request-github, startup: false, activationEvent: 'onStartupFinished'
2025-04-06 18:44:39.301 [warning] [redhat.vscode-yaml] Accessing a resource scoped configuration without providing a resource is not expected. To get the effective value for '[yaml]', provide the URI of a resource or 'null' for any resource.
2025-04-06 18:44:39.302 [warning] [redhat.vscode-yaml] Accessing a resource scoped configuration without providing a resource is not expected. To get the effective value for '[yaml]', provide the URI of a resource or 'null' for any resource.
2025-04-06 18:44:43.567 [info] ExtensionService#_doActivateExtension vscode.configuration-editing, startup: false, activationEvent: 'onLanguage:json'
2025-04-06 18:44:43.568 [info] ExtensionService#_doActivateExtension vscode.extension-editing, startup: false, activationEvent: 'onLanguage:json'
2025-04-06 18:44:43.568 [info] ExtensionService#_doActivateExtension vscode.json-language-features, startup: false, activationEvent: 'onLanguage:json'
