2025-04-03 20:20:31.238 [info] [main] Log level: Info
2025-04-03 20:20:31.238 [info] [main] Validating found git in: "git"
2025-04-03 20:20:31.238 [info] [main] Using git "2.48.1" from "git"
2025-04-03 20:20:31.238 [info] [Model][doInitialScan] Initial repository scan started
2025-04-03 20:20:31.238 [info] > git rev-parse --show-toplevel [2ms]
2025-04-03 20:20:31.238 [info] > git rev-parse --git-dir --git-common-dir [3ms]
2025-04-03 20:20:31.238 [info] [Model][openRepository] Opened repository: /workspace/rustpad
2025-04-03 20:20:31.238 [info] > git config --get commit.template [11ms]
2025-04-03 20:20:31.238 [info] > git rev-parse --show-toplevel [6ms]
2025-04-03 20:20:31.238 [info] > git for-each-ref --format=%(refname)%00%(upstream:short)%00%(objectname)%00%(upstream:track)%00%(upstream:remotename)%00%(upstream:remoteref) refs/heads/main refs/remotes/main [8ms]
2025-04-03 20:20:31.238 [info] > git rev-parse --show-toplevel [2ms]
2025-04-03 20:20:31.238 [warning] [Git][revParse] Unable to read file: ENOENT: no such file or directory, open '/workspace/rustpad/.git/refs/remotes/origin/main'
2025-04-03 20:20:31.238 [info] > git rev-parse --show-toplevel [5ms]
2025-04-03 20:20:31.238 [info] > git rev-parse refs/remotes/origin/main [12ms]
2025-04-03 20:20:31.238 [info] > git status -z -uall [30ms]
2025-04-03 20:20:31.238 [info] > git for-each-ref --sort -committerdate --format %(refname) %(objectname) %(*objectname) [7ms]
2025-04-03 20:20:31.238 [info] > git for-each-ref --format=%(refname)%00%(upstream:short)%00%(objectname)%00%(upstream:track)%00%(upstream:remotename)%00%(upstream:remoteref) refs/heads/main refs/remotes/main [9ms]
2025-04-03 20:20:31.238 [info] > git rev-parse --show-toplevel [37ms]
2025-04-03 20:20:31.238 [info] > git config --get commit.template [9ms]
2025-04-03 20:20:31.238 [info] > git config --get --local branch.main.vscode-merge-base [8ms]
2025-04-03 20:20:31.238 [info] > git rev-parse --git-dir --git-common-dir [13ms]
2025-04-03 20:20:31.238 [info] [Model][openRepository] Opened repository: /workspace/rustpad/rustpad
2025-04-03 20:20:31.238 [info] > git for-each-ref --format=%(refname)%00%(upstream:short)%00%(objectname)%00%(upstream:track)%00%(upstream:remotename)%00%(upstream:remoteref) refs/heads/main refs/remotes/main [17ms]
2025-04-03 20:20:31.238 [info] > git for-each-ref --format=%(refname)%00%(upstream:short)%00%(objectname)%00%(upstream:track)%00%(upstream:remotename)%00%(upstream:remoteref) refs/heads/origin/main refs/remotes/origin/main [22ms]
2025-04-03 20:20:31.238 [warning] [Git][revParse] Unable to read file: ENOENT: no such file or directory, open '/workspace/rustpad/.git/refs/remotes/origin/main'
2025-04-03 20:20:31.238 [info] > git rev-parse --show-toplevel [13ms]
2025-04-03 20:20:31.238 [info] > git config --get commit.template [19ms]
2025-04-03 20:20:31.238 [info] > git rev-parse refs/remotes/origin/main [7ms]
2025-04-03 20:20:31.238 [info] > git merge-base refs/heads/main refs/remotes/origin/main [21ms]
2025-04-03 20:20:31.238 [info] > git status -z -uall [16ms]
2025-04-03 20:20:31.238 [info] > git for-each-ref --sort -committerdate --format %(refname) %(objectname) %(*objectname) [12ms]
2025-04-03 20:20:31.238 [info] > git rev-parse --show-toplevel [30ms]
2025-04-03 20:20:31.238 [info] > git for-each-ref --format=%(refname)%00%(upstream:short)%00%(objectname)%00%(upstream:track)%00%(upstream:remotename)%00%(upstream:remoteref) refs/heads/main refs/remotes/main [15ms]
2025-04-03 20:20:31.238 [info] > git diff --name-status -z --diff-filter=ADMR 54e4a9383c84d7317af42a7ddb177ce8bcba058d...refs/remotes/origin/main [21ms]
2025-04-03 20:20:31.238 [warning] [Git][revParse] Unable to read file: ENOENT: no such file or directory, open '/workspace/rustpad/rustpad/.git/refs/remotes/origin/main'
2025-04-03 20:20:31.238 [info] > git merge-base refs/heads/main refs/remotes/origin/main [12ms]
2025-04-03 20:20:31.238 [info] > git rev-parse refs/remotes/origin/main [120ms]
2025-04-03 20:20:31.238 [info] > git rev-parse --show-toplevel [137ms]
2025-04-03 20:20:31.238 [info] > git status -z -uall [12ms]
2025-04-03 20:20:31.238 [info] > git diff --name-status -z --diff-filter=ADMR 54e4a9383c84d7317af42a7ddb177ce8bcba058d...refs/remotes/origin/main [134ms]
2025-04-03 20:20:31.238 [info] > git rev-parse --show-toplevel [2ms]
2025-04-03 20:20:31.238 [info] [Model][doInitialScan] Initial repository scan completed - repositories (2), closed repositories (0), parent repositories (0), unsafe repositories (0)
2025-04-03 20:20:31.238 [info] > git for-each-ref --sort -committerdate --format %(refname) %(objectname) %(*objectname) [10ms]
2025-04-03 20:20:31.238 [info] > git for-each-ref --format=%(refname)%00%(upstream:short)%00%(objectname)%00%(upstream:track)%00%(upstream:remotename)%00%(upstream:remoteref) refs/heads/main refs/remotes/main [8ms]
2025-04-03 20:20:31.238 [info] > git config --get commit.template [8ms]
2025-04-03 20:20:31.239 [info] > git config --get --local branch.main.vscode-merge-base [157ms]
2025-04-03 20:20:31.239 [warning] [Git][config] git config failed: Failed to execute git
2025-04-03 20:20:31.289 [info] > git for-each-ref --format=%(refname)%00%(upstream:short)%00%(objectname)%00%(upstream:track)%00%(upstream:remotename)%00%(upstream:remoteref) refs/heads/main refs/remotes/main [51ms]
2025-04-03 20:20:31.290 [info] > git reflog main --grep-reflog=branch: Created from *. [3ms]
2025-04-03 20:20:31.300 [warning] [Git][revParse] Unable to read file: ENOENT: no such file or directory, open '/workspace/rustpad/rustpad/.git/refs/remotes/origin/main'
2025-04-03 20:20:31.303 [info] > git rev-parse refs/remotes/origin/main [2ms]
2025-04-03 20:20:31.312 [info] > git symbolic-ref --short refs/remotes/origin/HEAD [17ms]
2025-04-03 20:20:31.317 [info] > git status -z -uall [10ms]
2025-04-03 20:20:31.317 [info] > git for-each-ref --sort -committerdate --format %(refname) %(objectname) %(*objectname) [5ms]
2025-04-03 20:20:31.325 [info] > git for-each-ref --format=%(refname)%00%(upstream:short)%00%(objectname)%00%(upstream:track)%00%(upstream:remotename)%00%(upstream:remoteref) refs/heads/origin/main refs/remotes/origin/main [8ms]
2025-04-03 20:20:31.329 [info] > git for-each-ref --format=%(refname)%00%(upstream:short)%00%(objectname)%00%(upstream:track)%00%(upstream:remotename)%00%(upstream:remoteref) refs/heads/main refs/remotes/main [6ms]
2025-04-03 20:20:31.335 [info] > git config --add --local branch.main.vscode-merge-base origin/main [6ms]
2025-04-03 20:20:31.342 [info] > git config --get --local branch.main.vscode-merge-base [8ms]
2025-04-03 20:20:31.352 [info] > git config --get commit.template [11ms]
2025-04-03 20:20:31.357 [info] > git for-each-ref --format=%(refname)%00%(upstream:short)%00%(objectname)%00%(upstream:track)%00%(upstream:remotename)%00%(upstream:remoteref) refs/heads/origin/main refs/remotes/origin/main [10ms]
2025-04-03 20:20:31.365 [info] > git for-each-ref --format=%(refname)%00%(upstream:short)%00%(objectname)%00%(upstream:track)%00%(upstream:remotename)%00%(upstream:remoteref) refs/heads/main refs/remotes/main [8ms]
2025-04-03 20:20:31.370 [warning] [Git][revParse] Unable to read file: ENOENT: no such file or directory, open '/workspace/rustpad/rustpad/.git/refs/remotes/origin/main'
2025-04-03 20:20:31.370 [info] > git merge-base refs/heads/main refs/remotes/origin/main [8ms]
2025-04-03 20:20:31.376 [info] > git rev-parse refs/remotes/origin/main [6ms]
2025-04-03 20:20:31.389 [info] > git status -z -uall [7ms]
2025-04-03 20:20:31.389 [info] > git diff --name-status -z --diff-filter=ADMR 54e4a9383c84d7317af42a7ddb177ce8bcba058d...refs/remotes/origin/main [14ms]
2025-04-03 20:20:31.390 [info] > git for-each-ref --sort -committerdate --format %(refname) %(objectname) %(*objectname) [3ms]
2025-04-03 20:20:31.813 [info] > git check-ignore -v -z --stdin [6ms]
2025-04-03 20:20:31.815 [info] > git check-ignore -v -z --stdin [3ms]
2025-04-03 20:20:32.749 [info] > git config --get --local branch.main.github-pr-owner-number [5ms]
2025-04-03 20:20:32.749 [warning] [Git][config] git config failed: Failed to execute git
2025-04-03 20:20:32.751 [info] > git config --get --local branch.main.github-pr-owner-number [3ms]
2025-04-03 20:20:32.751 [warning] [Git][config] git config failed: Failed to execute git
