2025-04-03 20:20:31.488 [warning] /home/gitpod/.ssh/config: ENOENT: no such file or directory, open '/home/gitpod/.ssh/config'
2025-04-03 20:20:31.488 [info] [Activation] Extension version: 0.106.0
2025-04-03 20:20:32.608 [info] [Activation] Looking for git repository
2025-04-03 20:20:32.608 [info] [Activation] Found 0 repositories during activation
2025-04-03 20:20:32.608 [info] [Activation] Git repository found, initializing review manager and pr tree view.
2025-04-03 20:20:32.613 [info] [GitAPI] Registering git provider
2025-04-03 20:20:32.613 [info] [Review+0] Validate state in progress
2025-04-03 20:20:32.613 [info] [Review+0] Validating state...
2025-04-03 20:20:32.613 [info] [Review+1] Validate state in progress
2025-04-03 20:20:32.613 [info] [Review+1] Validating state...
2025-04-03 20:20:32.736 [info] [FolderRepositoryManager+0] Found GitHub remote for folder /workspace/rustpad/rustpad
2025-04-03 20:20:32.736 [info] [FolderRepositoryManager+1] Found GitHub remote for folder /workspace/rustpad
2025-04-03 20:20:32.738 [info] [FolderRepositoryManager+0] Trying to use globalState for assignableUsers.
2025-04-03 20:20:32.738 [info] [FolderRepositoryManager+1] Trying to use globalState for assignableUsers.
2025-04-03 20:20:32.750 [info] [Review+0] No matching pull request metadata found locally for current branch main
2025-04-03 20:20:32.750 [info] [Review+0] No matching pull request metadata found on GitHub for current branch main
2025-04-03 20:20:32.751 [info] [Review+1] No matching pull request metadata found locally for current branch main
2025-04-03 20:20:32.751 [info] [Review+1] No matching pull request metadata found on GitHub for current branch main
2025-04-03 20:20:32.841 [info] [FolderRepositoryManager+0] GlobalState does not exist for assignableUsers.
2025-04-03 20:20:32.841 [info] [FolderRepositoryManager+1] GlobalState does not exist for assignableUsers.
