2025-04-06 17:27:27.440 [info] [main] Log level: Info
2025-04-06 17:27:27.440 [info] [main] Validating found git in: "git"
2025-04-06 17:27:27.440 [info] [main] Using git "2.48.1" from "git"
2025-04-06 17:27:27.440 [info] [Model][doInitialScan] Initial repository scan started
2025-04-06 17:27:27.440 [info] > git rev-parse --show-toplevel [2ms]
2025-04-06 17:27:27.440 [info] > git rev-parse --git-dir --git-common-dir [2ms]
2025-04-06 17:27:27.440 [info] [Model][openRepository] Opened repository: /workspace/rustpad
2025-04-06 17:27:27.440 [info] > git rev-parse --show-toplevel [2ms]
2025-04-06 17:27:27.440 [info] > git config --get commit.template [24ms]
2025-04-06 17:27:27.440 [info] > git rev-parse --show-toplevel [8ms]
2025-04-06 17:27:27.440 [info] > git for-each-ref --format=%(refname)%00%(upstream:short)%00%(objectname)%00%(upstream:track)%00%(upstream:remotename)%00%(upstream:remoteref) refs/heads/main refs/remotes/main [3ms]
2025-04-06 17:27:27.440 [warning] [Git][revParse] Unable to read file: ENOENT: no such file or directory, open '/workspace/rustpad/.git/refs/remotes/origin/main'
2025-04-06 17:27:27.440 [info] > git rev-parse refs/remotes/origin/main [9ms]
2025-04-06 17:27:27.440 [info] > git rev-parse --show-toplevel [26ms]
2025-04-06 17:27:27.440 [info] > git status -z -uall [13ms]
2025-04-06 17:27:27.440 [info] > git rev-parse --show-toplevel [3ms]
2025-04-06 17:27:27.440 [info] > git for-each-ref --sort -committerdate --format %(refname) %(objectname) %(*objectname) [9ms]
2025-04-06 17:27:27.440 [info] > git for-each-ref --format=%(refname)%00%(upstream:short)%00%(objectname)%00%(upstream:track)%00%(upstream:remotename)%00%(upstream:remoteref) refs/heads/main refs/remotes/main [15ms]
2025-04-06 17:27:27.440 [info] > git config --get commit.template [34ms]
2025-04-06 17:27:27.440 [info] > git rev-parse --git-dir --git-common-dir [40ms]
2025-04-06 17:27:27.440 [info] [Model][openRepository] Opened repository: /workspace/rustpad/rustpad
2025-04-06 17:27:27.440 [info] > git config --get --local branch.main.vscode-merge-base [44ms]
2025-04-06 17:27:27.440 [info] > git rev-parse --show-toplevel [33ms]
2025-04-06 17:27:27.440 [info] > git config --get commit.template [37ms]
2025-04-06 17:27:27.440 [info] > git for-each-ref --format=%(refname)%00%(upstream:short)%00%(objectname)%00%(upstream:track)%00%(upstream:remotename)%00%(upstream:remoteref) refs/heads/origin/main refs/remotes/origin/main [34ms]
2025-04-06 17:27:27.440 [info] > git rev-parse --show-toplevel [12ms]
2025-04-06 17:27:27.440 [info] > git for-each-ref --format=%(refname)%00%(upstream:short)%00%(objectname)%00%(upstream:track)%00%(upstream:remotename)%00%(upstream:remoteref) refs/heads/main refs/remotes/main [19ms]
2025-04-06 17:27:27.440 [info] > git merge-base refs/heads/main refs/remotes/origin/main [11ms]
2025-04-06 17:27:27.440 [warning] [Git][revParse] Unable to read file: ENOENT: no such file or directory, open '/workspace/rustpad/.git/refs/remotes/origin/main'
2025-04-06 17:27:27.440 [info] > git rev-parse --show-toplevel [186ms]
2025-04-06 17:27:27.440 [info] > git for-each-ref --format=%(refname)%00%(upstream:short)%00%(objectname)%00%(upstream:track)%00%(upstream:remotename)%00%(upstream:remoteref) refs/heads/main refs/remotes/main [192ms]
2025-04-06 17:27:27.440 [warning] [Git][revParse] Unable to read file: ENOENT: no such file or directory, open '/workspace/rustpad/rustpad/.git/refs/remotes/origin/main'
2025-04-06 17:27:27.440 [info] > git rev-parse refs/remotes/origin/main [189ms]
2025-04-06 17:27:27.440 [info] > git diff --name-status -z --diff-filter=ADMR 54e4a9383c84d7317af42a7ddb177ce8bcba058d...refs/remotes/origin/main [203ms]
2025-04-06 17:27:27.440 [info] > git status -z -uall [6ms]
2025-04-06 17:27:27.440 [info] > git rev-parse refs/remotes/origin/main [13ms]
2025-04-06 17:27:27.440 [info] > git rev-parse --show-toplevel [26ms]
2025-04-06 17:27:27.440 [info] [Model][doInitialScan] Initial repository scan completed - repositories (2), closed repositories (0), parent repositories (0), unsafe repositories (0)
2025-04-06 17:27:27.440 [info] > git status -z -uall [6ms]
2025-04-06 17:27:27.440 [info] > git for-each-ref --sort -committerdate --format %(refname) %(objectname) %(*objectname) [12ms]
2025-04-06 17:27:27.440 [info] > git for-each-ref --sort -committerdate --format %(refname) %(objectname) %(*objectname) [5ms]
2025-04-06 17:27:27.440 [info] > git for-each-ref --format=%(refname)%00%(upstream:short)%00%(objectname)%00%(upstream:track)%00%(upstream:remotename)%00%(upstream:remoteref) refs/heads/main refs/remotes/main [7ms]
2025-04-06 17:27:27.440 [info] > git config --get commit.template [8ms]
2025-04-06 17:27:27.440 [info] > git config --get --local branch.main.vscode-merge-base [7ms]
2025-04-06 17:27:27.440 [info] > git for-each-ref --format=%(refname)%00%(upstream:short)%00%(objectname)%00%(upstream:track)%00%(upstream:remotename)%00%(upstream:remoteref) refs/heads/main refs/remotes/main [111ms]
2025-04-06 17:27:27.440 [warning] [Git][revParse] Unable to read file: ENOENT: no such file or directory, open '/workspace/rustpad/rustpad/.git/refs/remotes/origin/main'
2025-04-06 17:27:27.440 [info] > git for-each-ref --format=%(refname)%00%(upstream:short)%00%(objectname)%00%(upstream:track)%00%(upstream:remotename)%00%(upstream:remoteref) refs/heads/origin/main refs/remotes/origin/main [113ms]
2025-04-06 17:27:27.440 [info] > git rev-parse refs/remotes/origin/main [8ms]
2025-04-06 17:27:27.440 [info] > git status -z -uall [7ms]
2025-04-06 17:27:27.440 [info] > git merge-base refs/heads/main refs/remotes/origin/main [13ms]
2025-04-06 17:27:27.441 [info] > git for-each-ref --sort -committerdate --format %(refname) %(objectname) %(*objectname) [10ms]
2025-04-06 17:27:27.449 [info] > git diff --name-status -z --diff-filter=ADMR 54e4a9383c84d7317af42a7ddb177ce8bcba058d...refs/remotes/origin/main [11ms]
2025-04-06 17:27:27.451 [info] > git merge-base refs/heads/main refs/remotes/origin/main [3ms]
2025-04-06 17:27:27.466 [info] > git diff --name-status -z --diff-filter=ADMR 54e4a9383c84d7317af42a7ddb177ce8bcba058d...refs/remotes/origin/main [9ms]
2025-04-06 17:27:27.951 [info] > git check-ignore -v -z --stdin [5ms]
2025-04-06 17:27:27.953 [info] > git check-ignore -v -z --stdin [2ms]
2025-04-06 17:27:28.710 [info] > git config --get --local branch.main.github-pr-owner-number [7ms]
2025-04-06 17:27:28.710 [warning] [Git][config] git config failed: Failed to execute git
2025-04-06 17:27:28.711 [info] > git config --get --local branch.main.github-pr-owner-number [2ms]
2025-04-06 17:27:28.711 [warning] [Git][config] git config failed: Failed to execute git
2025-04-06 17:30:04.915 [info] > git config --get commit.template [6ms]
2025-04-06 17:30:04.917 [info] > git for-each-ref --format=%(refname)%00%(upstream:short)%00%(objectname)%00%(upstream:track)%00%(upstream:remotename)%00%(upstream:remoteref) refs/heads/main refs/remotes/main [3ms]
2025-04-06 17:30:04.924 [warning] [Git][revParse] Unable to read file: ENOENT: no such file or directory, open '/workspace/rustpad/.git/refs/remotes/origin/main'
2025-04-06 17:30:04.926 [info] > git rev-parse refs/remotes/origin/main [2ms]
2025-04-06 17:30:04.941 [info] > git status -z -uall [9ms]
2025-04-06 17:30:04.944 [info] > git for-each-ref --sort -committerdate --format %(refname) %(objectname) %(*objectname) [4ms]
2025-04-06 17:38:27.946 [info] > git config --get commit.template [8ms]
2025-04-06 17:38:27.947 [info] > git for-each-ref --format=%(refname)%00%(upstream:short)%00%(objectname)%00%(upstream:track)%00%(upstream:remotename)%00%(upstream:remoteref) refs/heads/main refs/remotes/main [2ms]
2025-04-06 17:38:27.955 [warning] [Git][revParse] Unable to read file: ENOENT: no such file or directory, open '/workspace/rustpad/.git/refs/remotes/origin/main'
2025-04-06 17:38:27.957 [info] > git rev-parse refs/remotes/origin/main [1ms]
2025-04-06 17:38:27.969 [info] > git status -z -uall [7ms]
2025-04-06 17:38:27.971 [info] > git for-each-ref --sort -committerdate --format %(refname) %(objectname) %(*objectname) [2ms]
2025-04-06 17:38:45.775 [info] > git config --get commit.template [10ms]
2025-04-06 17:38:45.777 [info] > git for-each-ref --format=%(refname)%00%(upstream:short)%00%(objectname)%00%(upstream:track)%00%(upstream:remotename)%00%(upstream:remoteref) refs/heads/main refs/remotes/main [3ms]
2025-04-06 17:38:45.784 [warning] [Git][revParse] Unable to read file: ENOENT: no such file or directory, open '/workspace/rustpad/.git/refs/remotes/origin/main'
2025-04-06 17:38:45.786 [info] > git rev-parse refs/remotes/origin/main [2ms]
2025-04-06 17:38:45.803 [info] > git status -z -uall [11ms]
2025-04-06 17:38:45.804 [info] > git for-each-ref --sort -committerdate --format %(refname) %(objectname) %(*objectname) [3ms]
2025-04-06 17:41:33.198 [info] > git config --get commit.template [6ms]
2025-04-06 17:41:33.200 [info] > git for-each-ref --format=%(refname)%00%(upstream:short)%00%(objectname)%00%(upstream:track)%00%(upstream:remotename)%00%(upstream:remoteref) refs/heads/main refs/remotes/main [2ms]
2025-04-06 17:41:33.205 [warning] [Git][revParse] Unable to read file: ENOENT: no such file or directory, open '/workspace/rustpad/.git/refs/remotes/origin/main'
2025-04-06 17:41:33.207 [info] > git rev-parse refs/remotes/origin/main [2ms]
2025-04-06 17:41:33.219 [info] > git status -z -uall [7ms]
2025-04-06 17:41:33.220 [info] > git for-each-ref --sort -committerdate --format %(refname) %(objectname) %(*objectname) [2ms]
2025-04-06 17:41:34.259 [info] > git config --get commit.template [7ms]
2025-04-06 17:41:34.261 [info] > git for-each-ref --format=%(refname)%00%(upstream:short)%00%(objectname)%00%(upstream:track)%00%(upstream:remotename)%00%(upstream:remoteref) refs/heads/main refs/remotes/main [3ms]
2025-04-06 17:41:34.267 [warning] [Git][revParse] Unable to read file: ENOENT: no such file or directory, open '/workspace/rustpad/.git/refs/remotes/origin/main'
2025-04-06 17:41:34.268 [info] > git rev-parse refs/remotes/origin/main [1ms]
2025-04-06 17:41:34.279 [info] > git status -z -uall [6ms]
2025-04-06 17:41:34.281 [info] > git for-each-ref --sort -committerdate --format %(refname) %(objectname) %(*objectname) [2ms]
2025-04-06 17:41:45.178 [info] > git config --get commit.template [6ms]
2025-04-06 17:41:45.179 [info] > git for-each-ref --format=%(refname)%00%(upstream:short)%00%(objectname)%00%(upstream:track)%00%(upstream:remotename)%00%(upstream:remoteref) refs/heads/main refs/remotes/main [2ms]
2025-04-06 17:41:45.184 [warning] [Git][revParse] Unable to read file: ENOENT: no such file or directory, open '/workspace/rustpad/.git/refs/remotes/origin/main'
2025-04-06 17:41:45.185 [info] > git rev-parse refs/remotes/origin/main [1ms]
2025-04-06 17:41:45.195 [info] > git status -z -uall [5ms]
2025-04-06 17:41:45.198 [info] > git for-each-ref --sort -committerdate --format %(refname) %(objectname) %(*objectname) [2ms]
2025-04-06 17:41:46.241 [info] > git config --get commit.template [7ms]
2025-04-06 17:41:46.242 [info] > git for-each-ref --format=%(refname)%00%(upstream:short)%00%(objectname)%00%(upstream:track)%00%(upstream:remotename)%00%(upstream:remoteref) refs/heads/main refs/remotes/main [2ms]
2025-04-06 17:41:46.250 [warning] [Git][revParse] Unable to read file: ENOENT: no such file or directory, open '/workspace/rustpad/.git/refs/remotes/origin/main'
2025-04-06 17:41:46.252 [info] > git rev-parse refs/remotes/origin/main [3ms]
2025-04-06 17:41:46.263 [info] > git status -z -uall [5ms]
2025-04-06 17:41:46.265 [info] > git for-each-ref --sort -committerdate --format %(refname) %(objectname) %(*objectname) [2ms]
2025-04-06 17:41:50.857 [info] > git config --get commit.template [6ms]
2025-04-06 17:41:50.859 [info] > git for-each-ref --format=%(refname)%00%(upstream:short)%00%(objectname)%00%(upstream:track)%00%(upstream:remotename)%00%(upstream:remoteref) refs/heads/main refs/remotes/main [2ms]
2025-04-06 17:41:50.864 [warning] [Git][revParse] Unable to read file: ENOENT: no such file or directory, open '/workspace/rustpad/.git/refs/remotes/origin/main'
2025-04-06 17:41:50.865 [info] > git rev-parse refs/remotes/origin/main [1ms]
2025-04-06 17:41:50.877 [info] > git status -z -uall [7ms]
2025-04-06 17:41:50.879 [info] > git for-each-ref --sort -committerdate --format %(refname) %(objectname) %(*objectname) [3ms]
2025-04-06 17:41:50.888 [info] > git merge-base refs/heads/main refs/remotes/origin/main [2ms]
2025-04-06 17:41:50.895 [info] > git diff --name-status -z --diff-filter=ADMR 54e4a9383c84d7317af42a7ddb177ce8bcba058d...refs/remotes/origin/main [2ms]
2025-04-06 17:41:50.989 [info] > git config --get --local branch.main.github-pr-owner-number [1ms]
2025-04-06 17:41:50.989 [warning] [Git][config] git config failed: Failed to execute git
2025-04-06 17:41:51.900 [info] > git config --get commit.template [6ms]
2025-04-06 17:41:51.902 [info] > git for-each-ref --format=%(refname)%00%(upstream:short)%00%(objectname)%00%(upstream:track)%00%(upstream:remotename)%00%(upstream:remoteref) refs/heads/main refs/remotes/main [3ms]
2025-04-06 17:41:51.907 [warning] [Git][revParse] Unable to read file: ENOENT: no such file or directory, open '/workspace/rustpad/.git/refs/remotes/origin/main'
2025-04-06 17:41:51.909 [info] > git rev-parse refs/remotes/origin/main [2ms]
2025-04-06 17:41:51.920 [info] > git status -z -uall [6ms]
2025-04-06 17:41:51.922 [info] > git for-each-ref --sort -committerdate --format %(refname) %(objectname) %(*objectname) [2ms]
2025-04-06 17:48:25.650 [info] > git config --get commit.template [6ms]
2025-04-06 17:48:25.652 [info] > git for-each-ref --format=%(refname)%00%(upstream:short)%00%(objectname)%00%(upstream:track)%00%(upstream:remotename)%00%(upstream:remoteref) refs/heads/main refs/remotes/main [3ms]
2025-04-06 17:48:25.657 [warning] [Git][revParse] Unable to read file: ENOENT: no such file or directory, open '/workspace/rustpad/.git/refs/remotes/origin/main'
2025-04-06 17:48:25.659 [info] > git rev-parse refs/remotes/origin/main [2ms]
2025-04-06 17:48:25.671 [info] > git status -z -uall [7ms]
2025-04-06 17:48:25.674 [info] > git for-each-ref --sort -committerdate --format %(refname) %(objectname) %(*objectname) [2ms]
2025-04-06 17:48:25.773 [info] > git config --get --local branch.main.github-pr-owner-number [2ms]
2025-04-06 17:48:25.773 [warning] [Git][config] git config failed: Failed to execute git
2025-04-06 18:00:26.817 [info] > git config --get commit.template [6ms]
2025-04-06 18:00:26.818 [info] > git for-each-ref --format=%(refname)%00%(upstream:short)%00%(objectname)%00%(upstream:track)%00%(upstream:remotename)%00%(upstream:remoteref) refs/heads/main refs/remotes/main [2ms]
2025-04-06 18:00:26.823 [warning] [Git][revParse] Unable to read file: ENOENT: no such file or directory, open '/workspace/rustpad/.git/refs/remotes/origin/main'
2025-04-06 18:00:26.824 [info] > git rev-parse refs/remotes/origin/main [1ms]
2025-04-06 18:00:26.834 [info] > git status -z -uall [5ms]
2025-04-06 18:00:26.836 [info] > git for-each-ref --sort -committerdate --format %(refname) %(objectname) %(*objectname) [2ms]
2025-04-06 18:02:37.348 [info] > git config --get commit.template [6ms]
2025-04-06 18:02:37.350 [info] > git for-each-ref --format=%(refname)%00%(upstream:short)%00%(objectname)%00%(upstream:track)%00%(upstream:remotename)%00%(upstream:remoteref) refs/heads/main refs/remotes/main [2ms]
2025-04-06 18:02:37.355 [warning] [Git][revParse] Unable to read file: ENOENT: no such file or directory, open '/workspace/rustpad/.git/refs/remotes/origin/main'
2025-04-06 18:02:37.356 [info] > git rev-parse refs/remotes/origin/main [1ms]
2025-04-06 18:02:37.365 [info] > git status -z -uall [5ms]
2025-04-06 18:02:37.367 [info] > git for-each-ref --sort -committerdate --format %(refname) %(objectname) %(*objectname) [2ms]
2025-04-06 18:07:25.491 [info] > git config --get commit.template [5ms]
2025-04-06 18:07:25.493 [info] > git for-each-ref --format=%(refname)%00%(upstream:short)%00%(objectname)%00%(upstream:track)%00%(upstream:remotename)%00%(upstream:remoteref) refs/heads/main refs/remotes/main [2ms]
2025-04-06 18:07:25.497 [warning] [Git][revParse] Unable to read file: ENOENT: no such file or directory, open '/workspace/rustpad/.git/refs/remotes/origin/main'
2025-04-06 18:07:25.499 [info] > git rev-parse refs/remotes/origin/main [1ms]
2025-04-06 18:07:25.510 [info] > git status -z -uall [6ms]
2025-04-06 18:07:25.512 [info] > git for-each-ref --sort -committerdate --format %(refname) %(objectname) %(*objectname) [2ms]
2025-04-06 18:10:27.663 [info] > git config --get commit.template [4ms]
2025-04-06 18:10:27.665 [info] > git for-each-ref --format=%(refname)%00%(upstream:short)%00%(objectname)%00%(upstream:track)%00%(upstream:remotename)%00%(upstream:remoteref) refs/heads/main refs/remotes/main [2ms]
2025-04-06 18:10:27.669 [warning] [Git][revParse] Unable to read file: ENOENT: no such file or directory, open '/workspace/rustpad/.git/refs/remotes/origin/main'
2025-04-06 18:10:27.671 [info] > git rev-parse refs/remotes/origin/main [2ms]
2025-04-06 18:10:27.680 [info] > git status -z -uall [5ms]
2025-04-06 18:10:27.681 [info] > git for-each-ref --sort -committerdate --format %(refname) %(objectname) %(*objectname) [2ms]
2025-04-06 18:10:32.689 [info] > git config --get commit.template [5ms]
2025-04-06 18:10:32.691 [info] > git for-each-ref --format=%(refname)%00%(upstream:short)%00%(objectname)%00%(upstream:track)%00%(upstream:remotename)%00%(upstream:remoteref) refs/heads/main refs/remotes/main [2ms]
2025-04-06 18:10:32.702 [info] > git status -z -uall [7ms]
2025-04-06 18:10:32.703 [info] > git for-each-ref --sort -committerdate --format %(refname) %(objectname) %(*objectname) [2ms]
2025-04-06 18:10:32.712 [info] > git merge-base refs/heads/main refs/remotes/origin/main [1ms]
2025-04-06 18:10:32.719 [info] > git diff --name-status -z --diff-filter=ADMR 7f7ef1f4fa808a9bf082b118dfcf03f5fd165ad7...refs/remotes/origin/main [2ms]
2025-04-06 18:10:32.804 [info] > git config --get --local branch.main.github-pr-owner-number [1ms]
2025-04-06 18:10:32.804 [warning] [Git][config] git config failed: Failed to execute git
2025-04-06 18:10:33.741 [info] > git config --get commit.template [5ms]
2025-04-06 18:10:33.742 [info] > git for-each-ref --format=%(refname)%00%(upstream:short)%00%(objectname)%00%(upstream:track)%00%(upstream:remotename)%00%(upstream:remoteref) refs/heads/main refs/remotes/main [1ms]
2025-04-06 18:10:33.752 [info] > git status -z -uall [5ms]
2025-04-06 18:10:33.754 [info] > git for-each-ref --sort -committerdate --format %(refname) %(objectname) %(*objectname) [2ms]
2025-04-06 18:11:29.792 [info] > git config --get commit.template [5ms]
2025-04-06 18:11:29.792 [info] > git for-each-ref --format=%(refname)%00%(upstream:short)%00%(objectname)%00%(upstream:track)%00%(upstream:remotename)%00%(upstream:remoteref) refs/heads/main refs/remotes/main [2ms]
2025-04-06 18:11:29.801 [info] > git status -z -uall [5ms]
2025-04-06 18:11:29.802 [info] > git for-each-ref --sort -committerdate --format %(refname) %(objectname) %(*objectname) [1ms]
