2025-04-06 17:27:25.842 [info] Extension host with pid 534 started
2025-04-06 17:27:25.843 [error] Error: EEXIST: file already exists, open '/workspace/.vscode-remote/data/User/workspaceStorage/36343c2c/vscode.lock'
2025-04-06 17:27:25.845 [info] Lock '/workspace/.vscode-remote/data/User/workspaceStorage/36343c2c/vscode.lock': Could not acquire lock, checking if the file is stale.
2025-04-06 17:27:25.846 [info] Lock '/workspace/.vscode-remote/data/User/workspaceStorage/36343c2c/vscode.lock': The pid 514 appears to be gone.
2025-04-06 17:27:25.846 [info] Lock '/workspace/.vscode-remote/data/User/workspaceStorage/36343c2c/vscode.lock': Deleting a stale lock.
2025-04-06 17:27:25.854 [info] Lock '/workspace/.vscode-remote/data/User/workspaceStorage/36343c2c/vscode.lock': Lock acquired.
2025-04-06 17:27:25.976 [info] ExtensionService#_doActivateExtension gitpod.gitpod-web, startup: false, activationEvent: 'onAuthenticationRequest:gitpod'
2025-04-06 17:27:26.354 [info] ExtensionService#_doActivateExtension vscode.git-base, startup: true, activationEvent: '*', root cause: vscode.git
2025-04-06 17:27:26.362 [info] ExtensionService#_doActivateExtension vscode.npm, startup: true, activationEvent: 'workspaceContains:package.json'
2025-04-06 17:27:26.485 [info] ExtensionService#_doActivateExtension vscode.git, startup: true, activationEvent: '*'
2025-04-06 17:27:26.486 [info] ExtensionService#_doActivateExtension vscode.github, startup: true, activationEvent: '*'
2025-04-06 17:27:26.732 [info] Eager extensions activated
2025-04-06 17:27:26.732 [info] ExtensionService#_doActivateExtension vscode.debug-auto-launch, startup: false, activationEvent: 'onStartupFinished'
2025-04-06 17:27:26.733 [info] ExtensionService#_doActivateExtension vscode.merge-conflict, startup: false, activationEvent: 'onStartupFinished'
2025-04-06 17:27:26.733 [info] ExtensionService#_doActivateExtension vscode.github-authentication, startup: false, activationEvent: 'onStartupFinished', root cause: GitHub.vscode-pull-request-github
2025-04-06 17:27:27.055 [info] ExtensionService#_doActivateExtension redhat.vscode-yaml, startup: false, activationEvent: 'onLanguage:yaml'
2025-04-06 17:27:27.056 [info] ExtensionService#_doActivateExtension vscode.emmet, startup: false, activationEvent: 'onLanguage'
2025-04-06 17:27:27.305 [info] ExtensionService#_doActivateExtension GitHub.vscode-pull-request-github, startup: false, activationEvent: 'onStartupFinished'
2025-04-06 17:27:27.814 [warning] [redhat.vscode-yaml] Accessing a resource scoped configuration without providing a resource is not expected. To get the effective value for '[yaml]', provide the URI of a resource or 'null' for any resource.
2025-04-06 17:27:27.815 [warning] [redhat.vscode-yaml] Accessing a resource scoped configuration without providing a resource is not expected. To get the effective value for '[yaml]', provide the URI of a resource or 'null' for any resource.
2025-04-06 17:27:33.095 [info] ExtensionService#_doActivateExtension vscode.configuration-editing, startup: false, activationEvent: 'onLanguage:json'
2025-04-06 17:27:33.095 [info] ExtensionService#_doActivateExtension vscode.extension-editing, startup: false, activationEvent: 'onLanguage:json'
2025-04-06 17:27:33.096 [info] ExtensionService#_doActivateExtension vscode.json-language-features, startup: false, activationEvent: 'onLanguage:json'
2025-04-06 17:27:35.229 [warning] [redhat.vscode-yaml] Accessing a resource scoped configuration without providing a resource is not expected. To get the effective value for '[yaml]', provide the URI of a resource or 'null' for any resource.
